c:\users\krystian\desktop\gameplay practical 2\orcsvstrolls\orcsvstrolls\orcsvstrolls\debug\vc141.pdb
c:\users\krystian\desktop\gameplay practical 2\orcsvstrolls\orcsvstrolls\orcsvstrolls\debug\vc141.idb
c:\users\krystian\desktop\gameplay practical 2\orcsvstrolls\orcsvstrolls\orcsvstrolls\debug\troll.obj
c:\users\krystian\desktop\gameplay practical 2\orcsvstrolls\orcsvstrolls\orcsvstrolls\debug\orc.obj
c:\users\krystian\desktop\gameplay practical 2\orcsvstrolls\orcsvstrolls\orcsvstrolls\debug\main.obj
c:\users\krystian\desktop\gameplay practical 2\orcsvstrolls\orcsvstrolls\orcsvstrolls\debug\character.obj
c:\users\c00225629\desktop\phil's stuff\orcsvstrolls\orcsvstrolls\orcsvstrolls\debug\vc141.pdb
c:\users\c00225629\desktop\phil's stuff\orcsvstrolls\orcsvstrolls\orcsvstrolls\debug\vc141.idb
c:\users\c00225629\desktop\phil's stuff\orcsvstrolls\orcsvstrolls\orcsvstrolls\debug\troll.obj
c:\users\c00225629\desktop\phil's stuff\orcsvstrolls\orcsvstrolls\orcsvstrolls\debug\orc.obj
c:\users\c00225629\desktop\phil's stuff\orcsvstrolls\orcsvstrolls\orcsvstrolls\debug\character.obj
c:\users\krystian\desktop\gameplay practical 2\orcsvstrolls\orcsvstrolls\debug\orcsvstrolls.exe
c:\users\krystian\desktop\gameplay practical 2\orcsvstrolls\orcsvstrolls\debug\orcsvstrolls.ilk
c:\users\krystian\desktop\gameplay practical 2\orcsvstrolls\orcsvstrolls\debug\orcsvstrolls.pdb
c:\users\c00225629\desktop\phil's stuff\orcsvstrolls\orcsvstrolls\debug\orcsvstrolls.pdb
c:\users\c00225629\desktop\phil's stuff\orcsvstrolls\orcsvstrolls\debug\orcsvstrolls.ilk
c:\users\c00225629\desktop\phil's stuff\orcsvstrolls\orcsvstrolls\orcsvstrolls\debug\orcsvstrolls.tlog\cl.command.1.tlog
c:\users\c00225629\desktop\phil's stuff\orcsvstrolls\orcsvstrolls\orcsvstrolls\debug\orcsvstrolls.tlog\cl.read.1.tlog
c:\users\c00225629\desktop\phil's stuff\orcsvstrolls\orcsvstrolls\orcsvstrolls\debug\orcsvstrolls.tlog\cl.write.1.tlog
c:\users\c00225629\desktop\phil's stuff\orcsvstrolls\orcsvstrolls\orcsvstrolls\debug\orcsvstrolls.tlog\link.command.1.tlog
c:\users\c00225629\desktop\phil's stuff\orcsvstrolls\orcsvstrolls\orcsvstrolls\debug\orcsvstrolls.tlog\link.read.1.tlog
c:\users\c00225629\desktop\phil's stuff\orcsvstrolls\orcsvstrolls\orcsvstrolls\debug\orcsvstrolls.tlog\link.write.1.tlog
